<?xml version="1.0" encoding="UTF-8"?>
<!-- Generated by org.testng.reporters.JUnitXMLReporter -->
<testsuite hostname="Faatimas-MBP.Dlink" ignored="0" name="Regression test" tests="7" failures="0" timestamp="2020-11-17T11:35:15 SAST" time="5.556" errors="0">
  <testcase name="titleTest" time="0.305" classname="webtests.Login"/>
  <testcase name="testLoginFail" time="0.085" classname="webtests.Login"/>
  <testcase name="testLoginStandardUser" time="2.366" classname="webtests.Login"/>
  <testcase name="addMultipleProductsTocart" time="0.217" classname="webtests.AddToCart"/>
  <testcase name="removeProductFromCart" time="0.07" classname="webtests.AddToCart"/>
  <testcase name="goToCheckOut" time="0.156" classname="webtests.Checkout"/>
  <testcase name="enterDetails" time="0.351" classname="webtests.Checkout"/>
</testsuite> <!-- Regression test -->
