<?xml version="1.0" encoding="UTF-8"?>
<testng-results skipped="0" failed="0" ignored="0" total="7" passed="7">
  <reporter-output>
  </reporter-output>
  <suite name="Global Kinetics Web" duration-ms="5556" started-at="2020-11-17T11:35:09 SAST" finished-at="2020-11-17T11:35:15 SAST">
    <groups>
    </groups>
    <test name="Regression test" duration-ms="5556" started-at="2020-11-17T11:35:09 SAST" finished-at="2020-11-17T11:35:15 SAST">
      <class name="webtests.Login">
        <test-method status="PASS" signature="initialize()[pri:0, instance:webtests.Login@72ef8d15]" name="initialize" is-config="true" duration-ms="1879" started-at="2020-11-17T11:35:09 SAST" finished-at="2020-11-17T11:35:11 SAST">
          <reporter-output>
          </reporter-output>
        </test-method> <!-- initialize -->
        <test-method status="PASS" signature="titleTest()[pri:0, instance:webtests.Login@72ef8d15]" name="titleTest" duration-ms="305" started-at="2020-11-17T11:35:11 SAST" finished-at="2020-11-17T11:35:12 SAST">
          <reporter-output>
          </reporter-output>
        </test-method> <!-- titleTest -->
        <test-method status="PASS" signature="testLoginFail()[pri:1, instance:webtests.Login@72ef8d15]" name="testLoginFail" duration-ms="85" started-at="2020-11-17T11:35:12 SAST" finished-at="2020-11-17T11:35:12 SAST">
          <reporter-output>
          </reporter-output>
        </test-method> <!-- testLoginFail -->
        <test-method status="PASS" signature="testLoginStandardUser()[pri:2, instance:webtests.Login@72ef8d15]" name="testLoginStandardUser" duration-ms="2366" started-at="2020-11-17T11:35:12 SAST" finished-at="2020-11-17T11:35:14 SAST">
          <reporter-output>
          </reporter-output>
        </test-method> <!-- testLoginStandardUser -->
        <test-method status="PASS" signature="teardown()[pri:0, instance:webtests.Login@72ef8d15]" name="teardown" is-config="true" duration-ms="85" started-at="2020-11-17T11:35:15 SAST" finished-at="2020-11-17T11:35:15 SAST">
          <reporter-output>
          </reporter-output>
        </test-method> <!-- teardown -->
      </class> <!-- webtests.Login -->
      <class name="webtests.AddToCart">
        <test-method status="PASS" signature="addMultipleProductsTocart()[pri:0, instance:webtests.AddToCart@6aa8e115]" name="addMultipleProductsTocart" duration-ms="217" started-at="2020-11-17T11:35:14 SAST" finished-at="2020-11-17T11:35:14 SAST">
          <reporter-output>
          </reporter-output>
        </test-method> <!-- addMultipleProductsTocart -->
        <test-method status="PASS" signature="removeProductFromCart()[pri:1, instance:webtests.AddToCart@6aa8e115]" name="removeProductFromCart" duration-ms="70" started-at="2020-11-17T11:35:14 SAST" finished-at="2020-11-17T11:35:14 SAST">
          <reporter-output>
          </reporter-output>
        </test-method> <!-- removeProductFromCart -->
      </class> <!-- webtests.AddToCart -->
      <class name="webtests.Checkout">
        <test-method status="PASS" signature="goToCheckOut()[pri:0, instance:webtests.Checkout@5e21e98f]" name="goToCheckOut" duration-ms="156" started-at="2020-11-17T11:35:14 SAST" finished-at="2020-11-17T11:35:15 SAST">
          <reporter-output>
          </reporter-output>
        </test-method> <!-- goToCheckOut -->
        <test-method status="PASS" signature="enterDetails()[pri:1, instance:webtests.Checkout@5e21e98f]" name="enterDetails" duration-ms="351" started-at="2020-11-17T11:35:15 SAST" finished-at="2020-11-17T11:35:15 SAST">
          <reporter-output>
          </reporter-output>
        </test-method> <!-- enterDetails -->
      </class> <!-- webtests.Checkout -->
    </test> <!-- Regression test -->
  </suite> <!-- Global Kinetics Web -->
</testng-results>
